2018-11-14 19:34:44,593 [Worker-1: Loading available Gradle versions] INFO  c.g.t.t.d.PublishedGradleVersions - Gradle version information cache is up-to-date. Trying to read.
2018-11-22 20:24:09,769 [Worker-3: Loading available Gradle versions] INFO  c.g.t.t.d.PublishedGradleVersions - Gradle version information cache is up-to-date. Trying to read.
2018-11-22 20:30:57,070 [Worker-1: Loading available Gradle versions] INFO  c.g.t.t.d.PublishedGradleVersions - Gradle version information cache is up-to-date. Trying to read.
2018-11-23 11:25:15,796 [Worker-0: Loading available Gradle versions] INFO  c.g.t.t.d.PublishedGradleVersions - Gradle version information cache is up-to-date. Trying to read.
2018-11-24 19:25:28,598 [Worker-3: Loading available Gradle versions] INFO  c.g.t.t.d.PublishedGradleVersions - Gradle version information cache is out-of-date. Trying to update.
2018-11-25 12:30:04,228 [Worker-0: Loading available Gradle versions] INFO  c.g.t.t.d.PublishedGradleVersions - Gradle version information cache is up-to-date. Trying to read.
2018-11-25 13:55:52,543 [Worker-0: Loading available Gradle versions] INFO  c.g.t.t.d.PublishedGradleVersions - Gradle version information cache is up-to-date. Trying to read.
2018-11-26 09:19:38,990 [Worker-4: Loading available Gradle versions] INFO  c.g.t.t.d.PublishedGradleVersions - Gradle version information cache is out-of-date. Trying to update.
2018-11-26 10:36:20,882 [Worker-0: Loading available Gradle versions] INFO  c.g.t.t.d.PublishedGradleVersions - Gradle version information cache is up-to-date. Trying to read.
2018-11-27 22:56:52,730 [Worker-3: Loading available Gradle versions] INFO  c.g.t.t.d.PublishedGradleVersions - Gradle version information cache is out-of-date. Trying to update.
2018-11-28 10:12:10,690 [Worker-4: Loading available Gradle versions] INFO  c.g.t.t.d.PublishedGradleVersions - Gradle version information cache is up-to-date. Trying to read.
2018-11-28 15:02:42,747 [Worker-0: Loading available Gradle versions] INFO  c.g.t.t.d.PublishedGradleVersions - Gradle version information cache is up-to-date. Trying to read.
2018-11-28 20:50:32,353 [Worker-4: Loading available Gradle versions] INFO  c.g.t.t.d.PublishedGradleVersions - Gradle version information cache is up-to-date. Trying to read.
2018-11-28 21:19:51,545 [Worker-2: Loading available Gradle versions] INFO  c.g.t.t.d.PublishedGradleVersions - Gradle version information cache is up-to-date. Trying to read.
2018-11-29 14:30:51,042 [Worker-26: Loading available Gradle versions] INFO  c.g.t.t.d.PublishedGradleVersions - Gradle version information cache is out-of-date. Trying to update.
2018-11-29 14:43:17,169 [Worker-0: Loading available Gradle versions] INFO  c.g.t.t.d.PublishedGradleVersions - Gradle version information cache is up-to-date. Trying to read.
2018-11-30 12:00:39,840 [Worker-2: Loading available Gradle versions] INFO  c.g.t.t.d.PublishedGradleVersions - Gradle version information cache is up-to-date. Trying to read.
2018-11-30 12:07:16,893 [Worker-13: Loading available Gradle versions] INFO  c.g.t.t.d.PublishedGradleVersions - Gradle version information cache is up-to-date. Trying to read.
2018-12-01 19:15:50,753 [Worker-3: Loading available Gradle versions] INFO  c.g.t.t.d.PublishedGradleVersions - Gradle version information cache is out-of-date. Trying to update.
2018-12-02 08:06:01,752 [Worker-5: Loading available Gradle versions] INFO  c.g.t.t.d.PublishedGradleVersions - Gradle version information cache is up-to-date. Trying to read.
2018-12-04 08:33:42,243 [Worker-1: Loading available Gradle versions] INFO  c.g.t.t.d.PublishedGradleVersions - Gradle version information cache is out-of-date. Trying to update.
2018-12-05 13:41:21,452 [Worker-3: Loading available Gradle versions] INFO  c.g.t.t.d.PublishedGradleVersions - Gradle version information cache is up-to-date. Trying to read.
2018-12-05 15:33:40,725 [Worker-4: Loading available Gradle versions] INFO  c.g.t.t.d.PublishedGradleVersions - Gradle version information cache is up-to-date. Trying to read.
2018-12-05 15:38:08,093 [Worker-1: Loading available Gradle versions] INFO  c.g.t.t.d.PublishedGradleVersions - Gradle version information cache is up-to-date. Trying to read.
2018-12-06 17:42:14,680 [Worker-0: Loading available Gradle versions] INFO  c.g.t.t.d.PublishedGradleVersions - Gradle version information cache is out-of-date. Trying to update.
2018-12-08 08:18:37,045 [Worker-1: Loading available Gradle versions] INFO  c.g.t.t.d.PublishedGradleVersions - Gradle version information cache is out-of-date. Trying to update.
2018-12-09 14:10:07,623 [Worker-1: Loading available Gradle versions] INFO  c.g.t.t.d.PublishedGradleVersions - Gradle version information cache is out-of-date. Trying to update.
2018-12-10 08:36:31,668 [Worker-3: Loading available Gradle versions] INFO  c.g.t.t.d.PublishedGradleVersions - Gradle version information cache is up-to-date. Trying to read.
2018-12-11 09:42:23,666 [Worker-5: Loading available Gradle versions] INFO  c.g.t.t.d.PublishedGradleVersions - Gradle version information cache is out-of-date. Trying to update.
2018-12-13 10:12:40,940 [Worker-0: Loading available Gradle versions] INFO  c.g.t.t.d.PublishedGradleVersions - Gradle version information cache is out-of-date. Trying to update.
2018-12-13 22:52:20,126 [Worker-5: Loading available Gradle versions] INFO  c.g.t.t.d.PublishedGradleVersions - Gradle version information cache is up-to-date. Trying to read.
2018-12-14 11:29:38,106 [Worker-4: Loading available Gradle versions] INFO  c.g.t.t.d.PublishedGradleVersions - Gradle version information cache is out-of-date. Trying to update.
2018-12-17 19:40:48,077 [Worker-4: Loading available Gradle versions] INFO  c.g.t.t.d.PublishedGradleVersions - Gradle version information cache is out-of-date. Trying to update.
2018-12-18 20:13:49,514 [Worker-5: Loading available Gradle versions] INFO  c.g.t.t.d.PublishedGradleVersions - Gradle version information cache is out-of-date. Trying to update.
2018-12-20 19:01:57,424 [Worker-6: Loading available Gradle versions] INFO  c.g.t.t.d.PublishedGradleVersions - Gradle version information cache is out-of-date. Trying to update.
2018-12-21 09:44:35,478 [Worker-3: Loading available Gradle versions] INFO  c.g.t.t.d.PublishedGradleVersions - Gradle version information cache is up-to-date. Trying to read.
2018-12-21 10:12:36,865 [Worker-4: Loading available Gradle versions] INFO  c.g.t.t.d.PublishedGradleVersions - Gradle version information cache is up-to-date. Trying to read.
2018-12-21 10:33:02,879 [Worker-0: Loading available Gradle versions] INFO  c.g.t.t.d.PublishedGradleVersions - Gradle version information cache is up-to-date. Trying to read.
2018-12-21 10:47:44,690 [Worker-3: Loading available Gradle versions] INFO  c.g.t.t.d.PublishedGradleVersions - Gradle version information cache is up-to-date. Trying to read.
2018-12-21 11:02:04,052 [Worker-1: Loading available Gradle versions] INFO  c.g.t.t.d.PublishedGradleVersions - Gradle version information cache is up-to-date. Trying to read.
2018-12-21 11:07:57,886 [Worker-5: Loading available Gradle versions] INFO  c.g.t.t.d.PublishedGradleVersions - Gradle version information cache is up-to-date. Trying to read.
2018-12-21 11:53:33,585 [Worker-1: Loading available Gradle versions] INFO  c.g.t.t.d.PublishedGradleVersions - Gradle version information cache is up-to-date. Trying to read.
2018-12-22 10:02:45,843 [Worker-0: Loading available Gradle versions] INFO  c.g.t.t.d.PublishedGradleVersions - Gradle version information cache is out-of-date. Trying to update.
2018-12-22 11:52:38,009 [Worker-0: Loading available Gradle versions] INFO  c.g.t.t.d.PublishedGradleVersions - Gradle version information cache is up-to-date. Trying to read.
2018-12-22 12:07:37,187 [Worker-4: Loading available Gradle versions] INFO  c.g.t.t.d.PublishedGradleVersions - Gradle version information cache is up-to-date. Trying to read.
2018-12-23 10:20:45,285 [Worker-1: Loading available Gradle versions] INFO  c.g.t.t.d.PublishedGradleVersions - Gradle version information cache is out-of-date. Trying to update.
2018-12-23 11:03:20,681 [Worker-22: Refresh] ERROR o.e.m.j.i.l.MavenLaunchConfigurationListener - Launch configuration Demo references non-existing project practice2.
org.eclipse.core.runtime.CoreException: Launch configuration Demo references non-existing project practice2.
	at org.eclipse.jdt.launching.JavaRuntime.abort(JavaRuntime.java:1832) ~[org.eclipse.jdt.launching_3.11.0.v20180827-1040.jar:na]
	at org.eclipse.jdt.launching.JavaRuntime.getJavaProject(JavaRuntime.java:1707) ~[org.eclipse.jdt.launching_3.11.0.v20180827-1040.jar:na]
	at org.eclipse.m2e.jdt.internal.launch.MavenLaunchConfigurationListener.updateLaunchConfiguration(MavenLaunchConfigurationListener.java:53) [org.eclipse.m2e.jdt_1.9.1.20180912-1601.jar:na]
	at org.eclipse.m2e.jdt.internal.launch.MavenLaunchConfigurationListener.launchConfigurationAdded(MavenLaunchConfigurationListener.java:34) [org.eclipse.m2e.jdt_1.9.1.20180912-1601.jar:na]
	at org.eclipse.debug.internal.core.LaunchManager$ConfigurationNotifier.run(LaunchManager.java:219) [org.eclipse.debug.core_3.13.0.v20180821-1744.jar:na]
	at org.eclipse.core.runtime.SafeRunner.run(SafeRunner.java:45) [org.eclipse.equinox.common_3.10.100.v20180827-1235.jar:na]
	at org.eclipse.debug.internal.core.LaunchManager$ConfigurationNotifier.notify(LaunchManager.java:209) [org.eclipse.debug.core_3.13.0.v20180821-1744.jar:na]
	at org.eclipse.debug.internal.core.LaunchManager.launchConfigurationAdded(LaunchManager.java:2124) [org.eclipse.debug.core_3.13.0.v20180821-1744.jar:na]
	at org.eclipse.debug.internal.core.LaunchManager$LaunchManagerVisitor.visit(LaunchManager.java:372) [org.eclipse.debug.core_3.13.0.v20180821-1744.jar:na]
	at org.eclipse.core.internal.events.ResourceDelta.accept(ResourceDelta.java:67) [org.eclipse.core.resources_3.13.100.v20180828-0158.jar:na]
	at org.eclipse.core.internal.events.ResourceDelta.accept(ResourceDelta.java:77) [org.eclipse.core.resources_3.13.100.v20180828-0158.jar:na]
	at org.eclipse.core.internal.events.ResourceDelta.accept(ResourceDelta.java:77) [org.eclipse.core.resources_3.13.100.v20180828-0158.jar:na]
	at org.eclipse.core.internal.events.ResourceDelta.accept(ResourceDelta.java:77) [org.eclipse.core.resources_3.13.100.v20180828-0158.jar:na]
	at org.eclipse.core.internal.events.ResourceDelta.accept(ResourceDelta.java:77) [org.eclipse.core.resources_3.13.100.v20180828-0158.jar:na]
	at org.eclipse.core.internal.events.ResourceDelta.accept(ResourceDelta.java:77) [org.eclipse.core.resources_3.13.100.v20180828-0158.jar:na]
	at org.eclipse.core.internal.events.ResourceDelta.accept(ResourceDelta.java:77) [org.eclipse.core.resources_3.13.100.v20180828-0158.jar:na]
	at org.eclipse.core.internal.events.ResourceDelta.accept(ResourceDelta.java:51) [org.eclipse.core.resources_3.13.100.v20180828-0158.jar:na]
	at org.eclipse.debug.internal.core.LaunchManager.resourceChanged(LaunchManager.java:2276) [org.eclipse.debug.core_3.13.0.v20180821-1744.jar:na]
	at org.eclipse.core.internal.events.NotificationManager$1.run(NotificationManager.java:300) [org.eclipse.core.resources_3.13.100.v20180828-0158.jar:na]
	at org.eclipse.core.runtime.SafeRunner.run(SafeRunner.java:45) [org.eclipse.equinox.common_3.10.100.v20180827-1235.jar:na]
	at org.eclipse.core.internal.events.NotificationManager.notify(NotificationManager.java:290) [org.eclipse.core.resources_3.13.100.v20180828-0158.jar:na]
	at org.eclipse.core.internal.events.NotificationManager.broadcastChanges(NotificationManager.java:153) [org.eclipse.core.resources_3.13.100.v20180828-0158.jar:na]
	at org.eclipse.core.internal.resources.Workspace.broadcastPostChange(Workspace.java:379) [org.eclipse.core.resources_3.13.100.v20180828-0158.jar:na]
	at org.eclipse.core.internal.resources.Workspace.endOperation(Workspace.java:1502) [org.eclipse.core.resources_3.13.100.v20180828-0158.jar:na]
	at org.eclipse.core.internal.resources.Workspace.run(Workspace.java:2305) [org.eclipse.core.resources_3.13.100.v20180828-0158.jar:na]
	at org.eclipse.core.internal.resources.Workspace.run(Workspace.java:2319) [org.eclipse.core.resources_3.13.100.v20180828-0158.jar:na]
	at org.eclipse.jdt.core.JavaCore.run(JavaCore.java:5736) [org.eclipse.jdt.core_3.15.0.v20180905-0317.jar:na]
	at org.eclipse.jdt.internal.ui.actions.WorkbenchRunnableAdapter.run(WorkbenchRunnableAdapter.java:108) [org.eclipse.jdt.ui_3.15.0.v20180829-2215.jar:na]
	at org.eclipse.jdt.internal.ui.actions.WorkbenchRunnableAdapter$1.run(WorkbenchRunnableAdapter.java:121) [org.eclipse.jdt.ui_3.15.0.v20180829-2215.jar:na]
	at org.eclipse.core.internal.jobs.Worker.run(Worker.java:63) [org.eclipse.core.jobs_3.10.100.v20180817-1215.jar:na]
2018-12-23 11:25:23,467 [Worker-27: Launching BrowseServletTest] INFO  o.e.m.c.i.l.LifecycleMappingFactory - Using org.maven.ide.eclipse.wtp.WarLifecycleMapping lifecycle mapping for MavenProject: usermanagement:usermanagement:0.0.1-SNAPSHOT @ C:\Users\HP123\usermanagement\pom.xml.
2018-12-23 11:25:33,926 [Worker-27: Launching BrowseServletTest] WARN  o.e.m.c.i.embedder.EclipseLogger - Using platform encoding (Cp1251 actually) to copy filtered resources, i.e. build is platform dependent!
2018-12-23 11:25:33,954 [Worker-27: Launching BrowseServletTest] INFO  o.e.m.c.i.embedder.EclipseLogger - Copying 1 resource
2018-12-23 11:25:33,988 [Worker-27: Launching BrowseServletTest] INFO  o.e.m.c.i.embedder.EclipseLogger - Copying 1 resource
2018-12-23 11:25:34,017 [Worker-27: Launching BrowseServletTest] WARN  o.e.m.c.i.embedder.EclipseLogger - Using platform encoding (Cp1251 actually) to copy filtered resources, i.e. build is platform dependent!
2018-12-23 11:25:34,021 [Worker-27: Launching BrowseServletTest] INFO  o.e.m.c.i.embedder.EclipseLogger - Copying 2 resources
2018-12-23 13:36:06,437 [Worker-43: Launching EditServletTest] WARN  o.e.m.c.i.embedder.EclipseLogger - Using platform encoding (Cp1251 actually) to copy filtered resources, i.e. build is platform dependent!
2018-12-23 13:36:06,556 [Worker-43: Launching EditServletTest] INFO  o.e.m.c.i.embedder.EclipseLogger - Copying 1 resource
2018-12-23 13:36:06,606 [Worker-43: Launching EditServletTest] INFO  o.e.m.c.i.embedder.EclipseLogger - Copying 1 resource
2018-12-23 13:36:06,611 [Worker-43: Launching EditServletTest] WARN  o.e.m.c.i.embedder.EclipseLogger - Using platform encoding (Cp1251 actually) to copy filtered resources, i.e. build is platform dependent!
2018-12-23 13:36:06,617 [Worker-43: Launching EditServletTest] INFO  o.e.m.c.i.embedder.EclipseLogger - Copying 2 resources
2018-12-23 13:50:09,840 [Worker-43: Launching EditServletTest] WARN  o.e.m.c.i.embedder.EclipseLogger - Using platform encoding (Cp1251 actually) to copy filtered resources, i.e. build is platform dependent!
2018-12-23 13:50:09,845 [Worker-43: Launching EditServletTest] INFO  o.e.m.c.i.embedder.EclipseLogger - Copying 0 resource
2018-12-23 13:50:09,846 [Worker-43: Launching EditServletTest] INFO  o.e.m.c.i.embedder.EclipseLogger - Copying 0 resource
2018-12-23 13:50:09,851 [Worker-43: Launching EditServletTest] WARN  o.e.m.c.i.embedder.EclipseLogger - Using platform encoding (Cp1251 actually) to copy filtered resources, i.e. build is platform dependent!
2018-12-23 13:50:09,856 [Worker-43: Launching EditServletTest] INFO  o.e.m.c.i.embedder.EclipseLogger - Copying 2 resources
2018-12-23 14:07:36,897 [Worker-55: Launching EditServletTest] WARN  o.e.m.c.i.embedder.EclipseLogger - Using platform encoding (Cp1251 actually) to copy filtered resources, i.e. build is platform dependent!
2018-12-23 14:07:36,921 [Worker-55: Launching EditServletTest] INFO  o.e.m.c.i.embedder.EclipseLogger - Copying 1 resource
2018-12-23 14:07:36,929 [Worker-55: Launching EditServletTest] INFO  o.e.m.c.i.embedder.EclipseLogger - Copying 1 resource
2018-12-23 14:07:36,942 [Worker-55: Launching EditServletTest] WARN  o.e.m.c.i.embedder.EclipseLogger - Using platform encoding (Cp1251 actually) to copy filtered resources, i.e. build is platform dependent!
2018-12-23 14:07:36,965 [Worker-55: Launching EditServletTest] INFO  o.e.m.c.i.embedder.EclipseLogger - Copying 2 resources
2018-12-23 21:43:40,408 [Worker-65: Launching AddServletTest] WARN  o.e.m.c.i.embedder.EclipseLogger - Using platform encoding (Cp1251 actually) to copy filtered resources, i.e. build is platform dependent!
2018-12-23 21:43:40,485 [Worker-65: Launching AddServletTest] INFO  o.e.m.c.i.embedder.EclipseLogger - Copying 1 resource
2018-12-23 21:43:40,491 [Worker-65: Launching AddServletTest] INFO  o.e.m.c.i.embedder.EclipseLogger - Copying 1 resource
2018-12-23 21:43:40,541 [Worker-65: Launching AddServletTest] WARN  o.e.m.c.i.embedder.EclipseLogger - Using platform encoding (Cp1251 actually) to copy filtered resources, i.e. build is platform dependent!
2018-12-23 21:43:40,558 [Worker-65: Launching AddServletTest] INFO  o.e.m.c.i.embedder.EclipseLogger - Copying 2 resources
2018-12-24 08:15:06,646 [Worker-5: Loading available Gradle versions] INFO  c.g.t.t.d.PublishedGradleVersions - Gradle version information cache is up-to-date. Trying to read.
